TN:
SF:src/modules/appointments/services/CreateAppointmentService.ts
FN:40,Object.<anonymous>
FN:40,Object.<anonymous>.__decorate
FN:40,Object.<anonymous>.__metadata
FN:40,Object.<anonymous>.__param
FN:40,Object.<anonymous>.__awaiter
FN:40,adopt
FN:40,fulfilled
FN:40,rejected
FN:40,step
FN:40,Object.<anonymous>.__generator
FN:40,sent
FN:40,g.<computed>
FN:40,verb
FN:40,step
FN:40,Object.<anonymous>.__importDefault
FN:15,CreateAppointmentService
FN:20,Object.<anonymous>.CreateAppointmentService.execute
FNF:17
FNH:15
FNDA:1,Object.<anonymous>
FNDA:1,Object.<anonymous>.__decorate
FNDA:1,Object.<anonymous>.__metadata
FNDA:1,Object.<anonymous>.__param
FNDA:3,Object.<anonymous>.__awaiter
FNDA:5,adopt
FNDA:5,fulfilled
FNDA:0,rejected
FNDA:7,step
FNDA:3,Object.<anonymous>.__generator
FNDA:5,sent
FNDA:0,g.<computed>
FNDA:9,verb
FNDA:8,step
FNDA:1,Object.<anonymous>.__importDefault
FNDA:2,CreateAppointmentService
FNDA:3,Object.<anonymous>.CreateAppointmentService.execute
DA:1,1
DA:2,1
DA:3,1
DA:4,1
DA:5,1
DA:6,1
DA:7,1
DA:8,1
DA:9,1
DA:10,1
DA:11,1
DA:12,1
DA:13,1
DA:14,1
DA:15,1
DA:16,2
DA:17,2
DA:18,2
DA:19,1
DA:20,1
DA:21,3
DA:22,3
DA:23,3
DA:24,3
DA:25,3
DA:26,3
DA:27,1
DA:28,1
DA:29,2
DA:30,2
DA:31,2
DA:32,2
DA:33,2
DA:34,3
DA:35,3
DA:36,3
DA:37,3
DA:38,1
DA:39,1
DA:40,1
LF:40
LH:40
BRDA:40,0,0,1
BRDA:40,1,0,1
BRDA:40,2,0,1
BRDA:40,3,0,0
BRDA:40,4,0,0
BRDA:40,5,0,0
BRDA:40,6,0,0
BRDA:40,7,0,1
BRDA:40,8,0,1
BRDA:40,9,0,1
BRDA:40,10,0,3
BRDA:40,11,0,5
BRDA:40,12,0,0
BRDA:40,13,0,3
BRDA:40,14,0,5
BRDA:40,15,0,4
BRDA:40,16,0,1
BRDA:40,17,0,7
BRDA:40,18,0,2
BRDA:40,19,0,5
BRDA:40,20,0,3
BRDA:40,21,0,5
BRDA:40,22,0,0
BRDA:40,23,0,9
BRDA:40,24,0,8
BRDA:40,25,0,8
BRDA:40,26,0,0
BRDA:40,27,0,16
BRDA:40,28,0,0
BRDA:40,29,0,0
BRDA:40,30,0,0
BRDA:40,31,0,0
BRDA:40,32,0,8
BRDA:40,33,0,8
BRDA:40,34,0,5
BRDA:40,35,0,0
BRDA:40,36,0,0
BRDA:40,37,0,3
BRDA:40,38,0,0
BRDA:40,39,0,2
BRDA:40,40,0,0
BRDA:40,41,0,0
BRDA:40,42,0,0
BRDA:40,43,0,0
BRDA:40,44,0,8
BRDA:40,45,0,7
BRDA:40,46,0,1
BRDA:40,47,0,8
BRDA:40,48,0,3
BRDA:40,49,0,1
BRDA:40,50,0,2
BRDA:40,51,0,0
BRDA:40,52,0,1
BRDA:40,53,0,0
BRDA:14,54,0,1
BRDA:15,55,0,2
BRDA:20,56,0,3
BRDA:40,57,0,3
BRDA:40,58,0,8
BRDA:40,59,0,3
BRDA:40,60,0,3
BRDA:26,61,0,1
BRDA:28,62,0,2
BRDA:40,63,0,2
BRF:64
BRH:44
end_of_record
TN:
SF:src/modules/users/services/AuthenticateUserService.ts
FN:60,Object.<anonymous>
FN:60,Object.<anonymous>.__decorate
FN:60,Object.<anonymous>.__metadata
FN:60,Object.<anonymous>.__param
FN:60,Object.<anonymous>.__awaiter
FN:60,adopt
FN:60,fulfilled
FN:60,rejected
FN:60,step
FN:60,Object.<anonymous>.__generator
FN:60,sent
FN:60,g.<computed>
FN:60,verb
FN:60,step
FN:60,Object.<anonymous>.__importDefault
FN:23,AuthenticateUserService
FN:30,Object.<anonymous>.AuthenticateUserService.execute
FNF:17
FNH:15
FNDA:1,Object.<anonymous>
FNDA:1,Object.<anonymous>.__decorate
FNDA:1,Object.<anonymous>.__metadata
FNDA:2,Object.<anonymous>.__param
FNDA:3,Object.<anonymous>.__awaiter
FNDA:5,adopt
FNDA:5,fulfilled
FNDA:0,rejected
FNDA:6,step
FNDA:3,Object.<anonymous>.__generator
FNDA:5,sent
FNDA:0,g.<computed>
FNDA:9,verb
FNDA:8,step
FNDA:2,Object.<anonymous>.__importDefault
FNDA:3,AuthenticateUserService
FNDA:3,Object.<anonymous>.AuthenticateUserService.execute
DA:1,1
DA:2,1
DA:3,1
DA:4,1
DA:5,1
DA:6,1
DA:7,1
DA:8,1
DA:9,1
DA:10,1
DA:11,1
DA:12,1
DA:13,1
DA:14,1
DA:15,1
DA:16,1
DA:17,1
DA:18,1
DA:19,1
DA:20,1
DA:21,1
DA:22,1
DA:23,1
DA:24,3
DA:25,3
DA:26,3
DA:27,3
DA:28,3
DA:29,1
DA:30,1
DA:31,3
DA:32,3
DA:33,3
DA:34,1
DA:35,1
DA:36,2
DA:37,2
DA:38,2
DA:39,2
DA:40,2
DA:41,3
DA:42,3
DA:43,1
DA:44,1
DA:45,1
DA:46,1
DA:47,1
DA:48,1
DA:49,1
DA:50,1
DA:51,1
DA:52,1
DA:53,1
DA:54,1
DA:55,1
DA:56,1
DA:57,3
DA:58,1
DA:59,1
DA:60,1
LF:60
LH:60
BRDA:60,0,0,1
BRDA:60,1,0,1
BRDA:60,2,0,1
BRDA:60,3,0,0
BRDA:60,4,0,0
BRDA:60,5,0,0
BRDA:60,6,0,0
BRDA:60,7,0,1
BRDA:60,8,0,2
BRDA:60,9,0,2
BRDA:60,10,0,3
BRDA:60,11,0,5
BRDA:60,12,0,0
BRDA:60,13,0,3
BRDA:60,14,0,5
BRDA:60,15,0,3
BRDA:60,16,0,2
BRDA:60,17,0,6
BRDA:60,18,0,1
BRDA:60,19,0,5
BRDA:60,20,0,3
BRDA:60,21,0,5
BRDA:60,22,0,0
BRDA:60,23,0,9
BRDA:60,24,0,8
BRDA:60,25,0,8
BRDA:60,26,0,0
BRDA:60,27,0,16
BRDA:60,28,0,0
BRDA:60,29,0,0
BRDA:60,30,0,0
BRDA:60,31,0,0
BRDA:60,32,0,8
BRDA:60,33,0,8
BRDA:60,34,0,5
BRDA:60,35,0,0
BRDA:60,36,0,0
BRDA:60,37,0,3
BRDA:60,38,0,0
BRDA:60,39,0,1
BRDA:60,40,0,0
BRDA:60,41,0,0
BRDA:60,42,0,0
BRDA:60,43,0,0
BRDA:60,44,0,8
BRDA:60,45,0,6
BRDA:60,46,0,2
BRDA:60,47,0,8
BRDA:60,48,0,3
BRDA:60,49,0,2
BRDA:60,50,0,1
BRDA:60,51,0,0
BRDA:60,52,0,2
BRDA:60,53,0,0
BRDA:22,54,0,1
BRDA:23,55,0,3
BRDA:30,56,0,3
BRDA:60,57,0,3
BRDA:60,58,0,8
BRDA:31,59,0,3
BRDA:60,60,0,3
BRDA:33,61,0,1
BRDA:35,62,0,2
BRDA:60,63,0,2
BRDA:42,64,0,1
BRF:65
BRH:45
end_of_record
TN:
SF:src/modules/users/services/CreateUserService.ts
FN:44,Object.<anonymous>
FN:44,Object.<anonymous>.__decorate
FN:44,Object.<anonymous>.__metadata
FN:44,Object.<anonymous>.__param
FN:44,Object.<anonymous>.__awaiter
FN:44,adopt
FN:44,fulfilled
FN:44,rejected
FN:44,step
FN:44,Object.<anonymous>.__generator
FN:44,sent
FN:44,g.<computed>
FN:44,verb
FN:44,step
FN:44,Object.<anonymous>.__importDefault
FN:17,CreateUserService
FN:24,Object.<anonymous>.CreateUserService.execute
FNF:17
FNH:15
FNDA:1,Object.<anonymous>
FNDA:1,Object.<anonymous>.__decorate
FNDA:1,Object.<anonymous>.__metadata
FNDA:2,Object.<anonymous>.__param
FNDA:3,Object.<anonymous>.__awaiter
FNDA:5,adopt
FNDA:5,fulfilled
FNDA:0,rejected
FNDA:7,step
FNDA:3,Object.<anonymous>.__generator
FNDA:5,sent
FNDA:0,g.<computed>
FNDA:9,verb
FNDA:8,step
FNDA:1,Object.<anonymous>.__importDefault
FNDA:2,CreateUserService
FNDA:3,Object.<anonymous>.CreateUserService.execute
DA:1,1
DA:2,1
DA:3,1
DA:4,1
DA:5,1
DA:6,1
DA:7,1
DA:8,1
DA:9,1
DA:10,1
DA:11,1
DA:12,1
DA:13,1
DA:14,1
DA:15,1
DA:16,1
DA:17,1
DA:18,2
DA:19,2
DA:20,2
DA:21,2
DA:22,1
DA:23,1
DA:24,1
DA:25,3
DA:26,3
DA:27,3
DA:28,3
DA:29,1
DA:30,1
DA:31,2
DA:32,2
DA:33,3
DA:34,3
DA:35,3
DA:36,3
DA:37,3
DA:38,3
DA:39,3
DA:40,3
DA:41,3
DA:42,1
DA:43,1
DA:44,1
LF:44
LH:44
BRDA:44,0,0,1
BRDA:44,1,0,1
BRDA:44,2,0,1
BRDA:44,3,0,0
BRDA:44,4,0,0
BRDA:44,5,0,0
BRDA:44,6,0,0
BRDA:44,7,0,1
BRDA:44,8,0,2
BRDA:44,9,0,2
BRDA:44,10,0,3
BRDA:44,11,0,5
BRDA:44,12,0,0
BRDA:44,13,0,3
BRDA:44,14,0,5
BRDA:44,15,0,4
BRDA:44,16,0,1
BRDA:44,17,0,7
BRDA:44,18,0,2
BRDA:44,19,0,5
BRDA:44,20,0,3
BRDA:44,21,0,5
BRDA:44,22,0,0
BRDA:44,23,0,9
BRDA:44,24,0,8
BRDA:44,25,0,8
BRDA:44,26,0,0
BRDA:44,27,0,16
BRDA:44,28,0,0
BRDA:44,29,0,0
BRDA:44,30,0,0
BRDA:44,31,0,0
BRDA:44,32,0,8
BRDA:44,33,0,8
BRDA:44,34,0,5
BRDA:44,35,0,0
BRDA:44,36,0,0
BRDA:44,37,0,3
BRDA:44,38,0,0
BRDA:44,39,0,2
BRDA:44,40,0,0
BRDA:44,41,0,0
BRDA:44,42,0,0
BRDA:44,43,0,0
BRDA:44,44,0,8
BRDA:44,45,0,7
BRDA:44,46,0,1
BRDA:44,47,0,8
BRDA:44,48,0,3
BRDA:44,49,0,1
BRDA:44,50,0,2
BRDA:44,51,0,0
BRDA:44,52,0,1
BRDA:44,53,0,0
BRDA:16,54,0,1
BRDA:17,55,0,2
BRDA:24,56,0,3
BRDA:44,57,0,3
BRDA:44,58,0,8
BRDA:26,59,0,3
BRDA:44,60,0,3
BRDA:28,61,0,1
BRDA:30,62,0,2
BRDA:44,63,0,2
BRF:64
BRH:44
end_of_record
TN:
SF:src/modules/users/services/UpdateUserAvatarService.ts
FN:49,Object.<anonymous>
FN:49,Object.<anonymous>.__decorate
FN:49,Object.<anonymous>.__metadata
FN:49,Object.<anonymous>.__param
FN:49,Object.<anonymous>.__awaiter
FN:49,adopt
FN:49,fulfilled
FN:49,rejected
FN:49,step
FN:49,Object.<anonymous>.__generator
FN:49,sent
FN:49,g.<computed>
FN:49,verb
FN:49,step
FN:49,Object.<anonymous>.__importDefault
FN:19,UpdateUserAvatarService
FN:26,Object.<anonymous>.UpdateUserAvatarService.execute
FNF:17
FNH:15
FNDA:1,Object.<anonymous>
FNDA:1,Object.<anonymous>.__decorate
FNDA:1,Object.<anonymous>.__metadata
FNDA:2,Object.<anonymous>.__param
FNDA:4,Object.<anonymous>.__awaiter
FNDA:11,adopt
FNDA:11,fulfilled
FNDA:0,rejected
FNDA:14,step
FNDA:4,Object.<anonymous>.__generator
FNDA:11,sent
FNDA:0,g.<computed>
FNDA:12,verb
FNDA:15,step
FNDA:1,Object.<anonymous>.__importDefault
FNDA:3,UpdateUserAvatarService
FNDA:4,Object.<anonymous>.UpdateUserAvatarService.execute
DA:1,1
DA:2,1
DA:3,1
DA:4,1
DA:5,1
DA:6,1
DA:7,1
DA:8,1
DA:9,1
DA:10,1
DA:11,1
DA:12,1
DA:13,1
DA:14,1
DA:15,1
DA:16,1
DA:17,1
DA:18,1
DA:19,1
DA:20,3
DA:21,3
DA:22,3
DA:23,3
DA:24,3
DA:25,1
DA:26,1
DA:27,4
DA:28,4
DA:29,4
DA:30,1
DA:31,1
DA:32,1
DA:33,1
DA:34,1
DA:35,3
DA:36,3
DA:37,1
DA:38,4
DA:39,4
DA:40,4
DA:41,4
DA:42,4
DA:43,4
DA:44,4
DA:45,4
DA:46,4
DA:47,1
DA:48,1
DA:49,1
LF:49
LH:49
BRDA:49,0,0,1
BRDA:49,1,0,1
BRDA:49,2,0,1
BRDA:49,3,0,0
BRDA:49,4,0,0
BRDA:49,5,0,0
BRDA:49,6,0,0
BRDA:49,7,0,1
BRDA:49,8,0,2
BRDA:49,9,0,2
BRDA:49,10,0,4
BRDA:49,11,0,11
BRDA:49,12,0,0
BRDA:49,13,0,4
BRDA:49,14,0,11
BRDA:49,15,0,10
BRDA:49,16,0,1
BRDA:49,17,0,14
BRDA:49,18,0,3
BRDA:49,19,0,11
BRDA:49,20,0,4
BRDA:49,21,0,11
BRDA:49,22,0,0
BRDA:49,23,0,12
BRDA:49,24,0,15
BRDA:49,25,0,15
BRDA:49,26,0,0
BRDA:49,27,0,32
BRDA:49,28,0,0
BRDA:49,29,0,0
BRDA:49,30,0,0
BRDA:49,31,0,0
BRDA:49,32,0,15
BRDA:49,33,0,15
BRDA:49,34,0,11
BRDA:49,35,0,0
BRDA:49,36,0,0
BRDA:49,37,0,6
BRDA:49,38,0,0
BRDA:49,39,0,5
BRDA:49,40,0,4
BRDA:49,41,0,2
BRDA:49,42,0,0
BRDA:49,43,0,2
BRDA:49,44,0,0
BRDA:49,45,0,0
BRDA:49,46,0,0
BRDA:49,47,0,17
BRDA:49,48,0,16
BRDA:49,49,0,1
BRDA:49,50,0,17
BRDA:49,51,0,4
BRDA:49,52,0,1
BRDA:49,53,0,3
BRDA:49,54,0,0
BRDA:49,55,0,1
BRDA:49,56,0,0
BRDA:18,57,0,1
BRDA:19,58,0,3
BRDA:26,59,0,4
BRDA:49,60,0,4
BRDA:49,61,0,17
BRDA:27,62,0,4
BRDA:49,63,0,4
BRDA:29,64,0,1
BRDA:34,65,0,3
BRDA:36,66,0,2
BRDA:36,67,0,1
BRDA:49,68,0,1
BRDA:40,69,0,3
BRDA:49,70,0,3
BRDA:49,71,0,3
BRF:72
BRH:52
end_of_record
